<?xml version="1.0" encoding="UTF-8"?>
<testsuite name="com.kodilla.stream.word.WordTestSuite" tests="1" skipped="0" failures="0" errors="0" timestamp="2018-12-27T14:23:27" hostname="LAPTOP-OSI1RABP" time="0.02">
  <properties/>
  <testcase name="testGetPeopleQuantity" classname="com.kodilla.stream.word.WordTestSuite" time="0.02"/>
  <system-out><![CDATA[]]></system-out>
  <system-err><![CDATA[]]></system-err>
</testsuite>
