<?xml version="1.0" encoding="UTF-8"?>
<testsuite name="com.kodilla.stream.word.WordTestSuite" tests="1" skipped="0" failures="0" errors="0" timestamp="2019-01-07T19:18:23" hostname="LAPTOP-OSI1RABP" time="0.023">
  <properties/>
  <testcase name="testGetPeopleQuantity" classname="com.kodilla.stream.word.WordTestSuite" time="0.023"/>
  <system-out><![CDATA[]]></system-out>
  <system-err><![CDATA[]]></system-err>
</testsuite>
