<?xml version="1.0" encoding="UTF-8"?>
<testsuite name="com.kodilla.stream.forumUser.ForumUserTestSuite" tests="2" skipped="0" failures="0" errors="0" timestamp="2018-12-27T14:23:27" hostname="LAPTOP-OSI1RABP" time="0.012">
  <properties/>
  <testcase name="testGetLocationsOfFriends" classname="com.kodilla.stream.forumUser.ForumUserTestSuite" time="0.008"/>
  <testcase name="testGetLocationsOfFriendsOfFriends" classname="com.kodilla.stream.forumUser.ForumUserTestSuite" time="0.004"/>
  <system-out><![CDATA[]]></system-out>
  <system-err><![CDATA[]]></system-err>
</testsuite>
