<?xml version="1.0" encoding="UTF-8"?>
<testsuite name="com.kodilla.spring.reader.ReaderTestSuite" tests="2" skipped="0" failures="0" errors="0" timestamp="2018-12-27T14:23:24" hostname="LAPTOP-OSI1RABP" time="0.063">
  <properties/>
  <testcase name="testRead" classname="com.kodilla.spring.reader.ReaderTestSuite" time="0.033"/>
  <testcase name="testConditional" classname="com.kodilla.spring.reader.ReaderTestSuite" time="0.03"/>
  <system-out><![CDATA[2018-12-27 15:23:24.342  INFO 6608 --- [    Test worker] s.c.a.AnnotationConfigApplicationContext : Refreshing org.springframework.context.annotation.AnnotationConfigApplicationContext@3c2cb0b6: startup date [Thu Dec 27 15:23:24 CET 2018]; root of context hierarchy
Reading: The book number one
2018-12-27 15:23:24.375  INFO 6608 --- [    Test worker] s.c.a.AnnotationConfigApplicationContext : Refreshing org.springframework.context.annotation.AnnotationConfigApplicationContext@16860095: startup date [Thu Dec 27 15:23:24 CET 2018]; root of context hierarchy
Bean book2 was found in the container: true
]]></system-out>
  <system-err><![CDATA[]]></system-err>
</testsuite>
