<?xml version="1.0" encoding="UTF-8"?>
<testsuite name="com.kodilla.spring.forum.ForumUserTestSuite" tests="1" skipped="0" failures="0" errors="0" timestamp="2019-01-07T19:18:19" hostname="LAPTOP-OSI1RABP" time="0.197">
  <properties/>
  <testcase name="testForumUserLoadedIntoContainer" classname="com.kodilla.spring.forum.ForumUserTestSuite" time="0.197"/>
  <system-out><![CDATA[2019-01-07 20:18:19.520  INFO 28220 --- [    Test worker] .b.t.c.SpringBootTestContextBootstrapper : Neither @ContextConfiguration nor @ContextHierarchy found for test class [com.kodilla.spring.forum.ForumUserTestSuite], using SpringBootContextLoader
2019-01-07 20:18:19.520  INFO 28220 --- [    Test worker] o.s.t.c.support.AbstractContextLoader    : Could not detect default resource locations for test class [com.kodilla.spring.forum.ForumUserTestSuite]: no resource found for suffixes {-context.xml, Context.groovy}.
2019-01-07 20:18:19.521  INFO 28220 --- [    Test worker] t.c.s.AnnotationConfigContextLoaderUtils : Could not detect default configuration classes for test class [com.kodilla.spring.forum.ForumUserTestSuite]: ForumUserTestSuite does not declare any static, non-private, non-final, nested classes annotated with @Configuration.
2019-01-07 20:18:19.528  INFO 28220 --- [    Test worker] .b.t.c.SpringBootTestContextBootstrapper : Found @SpringBootConfiguration com.kodilla.spring.SpringRunner for test class com.kodilla.spring.forum.ForumUserTestSuite
2019-01-07 20:18:19.533  INFO 28220 --- [    Test worker] .b.t.c.SpringBootTestContextBootstrapper : Loaded default TestExecutionListener class names from location [META-INF/spring.factories]: [org.springframework.boot.test.autoconfigure.restdocs.RestDocsTestExecutionListener, org.springframework.boot.test.autoconfigure.web.client.MockRestServiceServerResetTestExecutionListener, org.springframework.boot.test.autoconfigure.web.servlet.MockMvcPrintOnlyOnFailureTestExecutionListener, org.springframework.boot.test.autoconfigure.web.servlet.WebDriverTestExecutionListener, org.springframework.boot.test.mock.mockito.MockitoTestExecutionListener, org.springframework.boot.test.mock.mockito.ResetMocksTestExecutionListener, org.springframework.test.context.web.ServletTestExecutionListener, org.springframework.test.context.support.DirtiesContextBeforeModesTestExecutionListener, org.springframework.test.context.support.DependencyInjectionTestExecutionListener, org.springframework.test.context.support.DirtiesContextTestExecutionListener, org.springframework.test.context.transaction.TransactionalTestExecutionListener, org.springframework.test.context.jdbc.SqlScriptsTestExecutionListener]
2019-01-07 20:18:19.534  INFO 28220 --- [    Test worker] .b.t.c.SpringBootTestContextBootstrapper : Using TestExecutionListeners: [org.springframework.test.context.support.DirtiesContextBeforeModesTestExecutionListener@17a9ece9, org.springframework.boot.test.mock.mockito.MockitoTestExecutionListener@5bb7a03b, org.springframework.boot.test.autoconfigure.SpringBootDependencyInjectionTestExecutionListener@66a58226, org.springframework.test.context.support.DirtiesContextTestExecutionListener@370b99d0, org.springframework.boot.test.autoconfigure.restdocs.RestDocsTestExecutionListener@6f1df57c, org.springframework.boot.test.autoconfigure.web.client.MockRestServiceServerResetTestExecutionListener@9cd26dc, org.springframework.boot.test.autoconfigure.web.servlet.MockMvcPrintOnlyOnFailureTestExecutionListener@43333171, org.springframework.boot.test.autoconfigure.web.servlet.WebDriverTestExecutionListener@289df5de, org.springframework.boot.test.mock.mockito.ResetMocksTestExecutionListener@282b43a4]
2019-01-07 20:18:19.557  INFO 28220 --- [    Test worker] s.c.a.AnnotationConfigApplicationContext : Refreshing org.springframework.context.annotation.AnnotationConfigApplicationContext@48306bbb: startup date [Mon Jan 07 20:18:19 CET 2019]; root of context hierarchy
2019-01-07 20:18:19.626  INFO 28220 --- [    Test worker] o.s.b.f.s.DefaultListableBeanFactory     : Overriding bean definition for bean 'library' with a different definition: replacing [Generic bean: class [com.kodilla.spring.library.Library]; scope=singleton; abstract=false; lazyInit=false; autowireMode=0; dependencyCheck=0; autowireCandidate=true; primary=false; factoryBeanName=null; factoryMethodName=null; initMethodName=null; destroyMethodName=null; defined in file [C:\Users\Kasia\IdeaProjects\kodilla-course\kodilla-spring\build\classes\java\main\com\kodilla\spring\library\Library.class]] with [Root bean: class [null]; scope=; abstract=false; lazyInit=false; autowireMode=3; dependencyCheck=0; autowireCandidate=true; primary=false; factoryBeanName=libraryConfig; factoryMethodName=library; initMethodName=null; destroyMethodName=(inferred); defined in com.kodilla.spring.library.LibraryConfig]
2019-01-07 20:18:19.626  INFO 28220 --- [    Test worker] o.s.b.f.s.DefaultListableBeanFactory     : Overriding bean definition for bean 'libraryDbController' with a different definition: replacing [Generic bean: class [com.kodilla.spring.library.LibraryDbController]; scope=singleton; abstract=false; lazyInit=false; autowireMode=0; dependencyCheck=0; autowireCandidate=true; primary=false; factoryBeanName=null; factoryMethodName=null; initMethodName=null; destroyMethodName=null; defined in file [C:\Users\Kasia\IdeaProjects\kodilla-course\kodilla-spring\build\classes\java\main\com\kodilla\spring\library\LibraryDbController.class]] with [Root bean: class [null]; scope=; abstract=false; lazyInit=false; autowireMode=3; dependencyCheck=0; autowireCandidate=true; primary=false; factoryBeanName=libraryConfig; factoryMethodName=libraryDbController; initMethodName=null; destroyMethodName=(inferred); defined in com.kodilla.spring.library.LibraryConfig]
2019-01-07 20:18:19.730  INFO 28220 --- [    Test worker] o.s.j.e.a.AnnotationMBeanExporter        : Registering beans for JMX exposure on startup
]]></system-out>
  <system-err><![CDATA[]]></system-err>
</testsuite>
