<?xml version="1.0" encoding="UTF-8"?>
<testsuite name="com.kodilla.spring.SpringRunnerTestSuite" tests="4" skipped="0" failures="0" errors="0" timestamp="2019-04-11T19:07:37" hostname="LAPTOP-OSI1RABP" time="0.607">
  <properties/>
  <testcase name="testShapeLoadedIntoContainer" classname="com.kodilla.spring.SpringRunnerTestSuite" time="0.153"/>
  <testcase name="testSquareLoadedIntoContainer" classname="com.kodilla.spring.SpringRunnerTestSuite" time="0.156"/>
  <testcase name="testCircleLoadedIntroContainer" classname="com.kodilla.spring.SpringRunnerTestSuite" time="0.153"/>
  <testcase name="testTriangleLoadedIntroContainer" classname="com.kodilla.spring.SpringRunnerTestSuite" time="0.143"/>
  <system-out><![CDATA[2019-04-11 21:07:37.690  INFO 10352 --- [    Test worker] .b.t.c.SpringBootTestContextBootstrapper : Neither @ContextConfiguration nor @ContextHierarchy found for test class [com.kodilla.spring.SpringRunnerTestSuite], using SpringBootContextLoader
2019-04-11 21:07:37.691  INFO 10352 --- [    Test worker] o.s.t.c.support.AbstractContextLoader    : Could not detect default resource locations for test class [com.kodilla.spring.SpringRunnerTestSuite]: no resource found for suffixes {-context.xml, Context.groovy}.
2019-04-11 21:07:37.691  INFO 10352 --- [    Test worker] t.c.s.AnnotationConfigContextLoaderUtils : Could not detect default configuration classes for test class [com.kodilla.spring.SpringRunnerTestSuite]: SpringRunnerTestSuite does not declare any static, non-private, non-final, nested classes annotated with @Configuration.
2019-04-11 21:07:37.699  INFO 10352 --- [    Test worker] .b.t.c.SpringBootTestContextBootstrapper : Found @SpringBootConfiguration com.kodilla.spring.SpringRunner for test class com.kodilla.spring.SpringRunnerTestSuite
2019-04-11 21:07:37.701  INFO 10352 --- [    Test worker] .b.t.c.SpringBootTestContextBootstrapper : Loaded default TestExecutionListener class names from location [META-INF/spring.factories]: [org.springframework.boot.test.autoconfigure.restdocs.RestDocsTestExecutionListener, org.springframework.boot.test.autoconfigure.web.client.MockRestServiceServerResetTestExecutionListener, org.springframework.boot.test.autoconfigure.web.servlet.MockMvcPrintOnlyOnFailureTestExecutionListener, org.springframework.boot.test.autoconfigure.web.servlet.WebDriverTestExecutionListener, org.springframework.boot.test.mock.mockito.MockitoTestExecutionListener, org.springframework.boot.test.mock.mockito.ResetMocksTestExecutionListener, org.springframework.test.context.web.ServletTestExecutionListener, org.springframework.test.context.support.DirtiesContextBeforeModesTestExecutionListener, org.springframework.test.context.support.DependencyInjectionTestExecutionListener, org.springframework.test.context.support.DirtiesContextTestExecutionListener, org.springframework.test.context.transaction.TransactionalTestExecutionListener, org.springframework.test.context.jdbc.SqlScriptsTestExecutionListener]
2019-04-11 21:07:37.703  INFO 10352 --- [    Test worker] .b.t.c.SpringBootTestContextBootstrapper : Using TestExecutionListeners: [org.springframework.test.context.support.DirtiesContextBeforeModesTestExecutionListener@79e9e00a, org.springframework.boot.test.mock.mockito.MockitoTestExecutionListener@68d2d71, org.springframework.boot.test.autoconfigure.SpringBootDependencyInjectionTestExecutionListener@39dc63fd, org.springframework.test.context.support.DirtiesContextTestExecutionListener@35283dc8, org.springframework.boot.test.autoconfigure.restdocs.RestDocsTestExecutionListener@3f772d7, org.springframework.boot.test.autoconfigure.web.client.MockRestServiceServerResetTestExecutionListener@6c7e217d, org.springframework.boot.test.autoconfigure.web.servlet.MockMvcPrintOnlyOnFailureTestExecutionListener@36e77484, org.springframework.boot.test.autoconfigure.web.servlet.WebDriverTestExecutionListener@42d5d9ed, org.springframework.boot.test.mock.mockito.ResetMocksTestExecutionListener@7a8c7aaa]
2019-04-11 21:07:37.724  INFO 10352 --- [    Test worker] s.c.a.AnnotationConfigApplicationContext : Refreshing org.springframework.context.annotation.AnnotationConfigApplicationContext@67e4c94f: startup date [Thu Apr 11 21:07:37 CEST 2019]; root of context hierarchy
2019-04-11 21:07:37.780  INFO 10352 --- [    Test worker] o.s.b.f.s.DefaultListableBeanFactory     : Overriding bean definition for bean 'library' with a different definition: replacing [Generic bean: class [com.kodilla.spring.library.Library]; scope=singleton; abstract=false; lazyInit=false; autowireMode=0; dependencyCheck=0; autowireCandidate=true; primary=false; factoryBeanName=null; factoryMethodName=null; initMethodName=null; destroyMethodName=null; defined in file [C:\Users\Kasia\IdeaProjects\kodilla-course\kodilla-spring\build\classes\java\main\com\kodilla\spring\library\Library.class]] with [Root bean: class [null]; scope=; abstract=false; lazyInit=false; autowireMode=3; dependencyCheck=0; autowireCandidate=true; primary=false; factoryBeanName=libraryConfig; factoryMethodName=library; initMethodName=null; destroyMethodName=(inferred); defined in com.kodilla.spring.library.LibraryConfig]
2019-04-11 21:07:37.782  INFO 10352 --- [    Test worker] o.s.b.f.s.DefaultListableBeanFactory     : Overriding bean definition for bean 'libraryDbController' with a different definition: replacing [Generic bean: class [com.kodilla.spring.library.LibraryDbController]; scope=singleton; abstract=false; lazyInit=false; autowireMode=0; dependencyCheck=0; autowireCandidate=true; primary=false; factoryBeanName=null; factoryMethodName=null; initMethodName=null; destroyMethodName=null; defined in file [C:\Users\Kasia\IdeaProjects\kodilla-course\kodilla-spring\build\classes\java\main\com\kodilla\spring\library\LibraryDbController.class]] with [Root bean: class [null]; scope=; abstract=false; lazyInit=false; autowireMode=3; dependencyCheck=0; autowireCandidate=true; primary=false; factoryBeanName=libraryConfig; factoryMethodName=libraryDbController; initMethodName=null; destroyMethodName=(inferred); defined in com.kodilla.spring.library.LibraryConfig]
2019-04-11 21:07:37.855  INFO 10352 --- [    Test worker] o.s.j.e.a.AnnotationMBeanExporter        : Registering beans for JMX exposure on startup
Chosen shape says: This is a square
2019-04-11 21:07:37.863  INFO 10352 --- [    Test worker] s.c.a.AnnotationConfigApplicationContext : Refreshing org.springframework.context.annotation.AnnotationConfigApplicationContext@43a2f33a: startup date [Thu Apr 11 21:07:37 CEST 2019]; root of context hierarchy
2019-04-11 21:07:37.934  INFO 10352 --- [    Test worker] o.s.b.f.s.DefaultListableBeanFactory     : Overriding bean definition for bean 'library' with a different definition: replacing [Generic bean: class [com.kodilla.spring.library.Library]; scope=singleton; abstract=false; lazyInit=false; autowireMode=0; dependencyCheck=0; autowireCandidate=true; primary=false; factoryBeanName=null; factoryMethodName=null; initMethodName=null; destroyMethodName=null; defined in file [C:\Users\Kasia\IdeaProjects\kodilla-course\kodilla-spring\build\classes\java\main\com\kodilla\spring\library\Library.class]] with [Root bean: class [null]; scope=; abstract=false; lazyInit=false; autowireMode=3; dependencyCheck=0; autowireCandidate=true; primary=false; factoryBeanName=libraryConfig; factoryMethodName=library; initMethodName=null; destroyMethodName=(inferred); defined in com.kodilla.spring.library.LibraryConfig]
2019-04-11 21:07:37.935  INFO 10352 --- [    Test worker] o.s.b.f.s.DefaultListableBeanFactory     : Overriding bean definition for bean 'libraryDbController' with a different definition: replacing [Generic bean: class [com.kodilla.spring.library.LibraryDbController]; scope=singleton; abstract=false; lazyInit=false; autowireMode=0; dependencyCheck=0; autowireCandidate=true; primary=false; factoryBeanName=null; factoryMethodName=null; initMethodName=null; destroyMethodName=null; defined in file [C:\Users\Kasia\IdeaProjects\kodilla-course\kodilla-spring\build\classes\java\main\com\kodilla\spring\library\LibraryDbController.class]] with [Root bean: class [null]; scope=; abstract=false; lazyInit=false; autowireMode=3; dependencyCheck=0; autowireCandidate=true; primary=false; factoryBeanName=libraryConfig; factoryMethodName=libraryDbController; initMethodName=null; destroyMethodName=(inferred); defined in com.kodilla.spring.library.LibraryConfig]
2019-04-11 21:07:38.013  INFO 10352 --- [    Test worker] o.s.j.e.a.AnnotationMBeanExporter        : Registering beans for JMX exposure on startup
2019-04-11 21:07:38.021  INFO 10352 --- [    Test worker] s.c.a.AnnotationConfigApplicationContext : Refreshing org.springframework.context.annotation.AnnotationConfigApplicationContext@53e12680: startup date [Thu Apr 11 21:07:38 CEST 2019]; root of context hierarchy
2019-04-11 21:07:38.080  INFO 10352 --- [    Test worker] o.s.b.f.s.DefaultListableBeanFactory     : Overriding bean definition for bean 'library' with a different definition: replacing [Generic bean: class [com.kodilla.spring.library.Library]; scope=singleton; abstract=false; lazyInit=false; autowireMode=0; dependencyCheck=0; autowireCandidate=true; primary=false; factoryBeanName=null; factoryMethodName=null; initMethodName=null; destroyMethodName=null; defined in file [C:\Users\Kasia\IdeaProjects\kodilla-course\kodilla-spring\build\classes\java\main\com\kodilla\spring\library\Library.class]] with [Root bean: class [null]; scope=; abstract=false; lazyInit=false; autowireMode=3; dependencyCheck=0; autowireCandidate=true; primary=false; factoryBeanName=libraryConfig; factoryMethodName=library; initMethodName=null; destroyMethodName=(inferred); defined in com.kodilla.spring.library.LibraryConfig]
2019-04-11 21:07:38.080  INFO 10352 --- [    Test worker] o.s.b.f.s.DefaultListableBeanFactory     : Overriding bean definition for bean 'libraryDbController' with a different definition: replacing [Generic bean: class [com.kodilla.spring.library.LibraryDbController]; scope=singleton; abstract=false; lazyInit=false; autowireMode=0; dependencyCheck=0; autowireCandidate=true; primary=false; factoryBeanName=null; factoryMethodName=null; initMethodName=null; destroyMethodName=null; defined in file [C:\Users\Kasia\IdeaProjects\kodilla-course\kodilla-spring\build\classes\java\main\com\kodilla\spring\library\LibraryDbController.class]] with [Root bean: class [null]; scope=; abstract=false; lazyInit=false; autowireMode=3; dependencyCheck=0; autowireCandidate=true; primary=false; factoryBeanName=libraryConfig; factoryMethodName=libraryDbController; initMethodName=null; destroyMethodName=(inferred); defined in com.kodilla.spring.library.LibraryConfig]
2019-04-11 21:07:38.157  INFO 10352 --- [    Test worker] o.s.j.e.a.AnnotationMBeanExporter        : Registering beans for JMX exposure on startup
2019-04-11 21:07:38.171  INFO 10352 --- [    Test worker] s.c.a.AnnotationConfigApplicationContext : Refreshing org.springframework.context.annotation.AnnotationConfigApplicationContext@1f136913: startup date [Thu Apr 11 21:07:38 CEST 2019]; root of context hierarchy
2019-04-11 21:07:38.227  INFO 10352 --- [    Test worker] o.s.b.f.s.DefaultListableBeanFactory     : Overriding bean definition for bean 'library' with a different definition: replacing [Generic bean: class [com.kodilla.spring.library.Library]; scope=singleton; abstract=false; lazyInit=false; autowireMode=0; dependencyCheck=0; autowireCandidate=true; primary=false; factoryBeanName=null; factoryMethodName=null; initMethodName=null; destroyMethodName=null; defined in file [C:\Users\Kasia\IdeaProjects\kodilla-course\kodilla-spring\build\classes\java\main\com\kodilla\spring\library\Library.class]] with [Root bean: class [null]; scope=; abstract=false; lazyInit=false; autowireMode=3; dependencyCheck=0; autowireCandidate=true; primary=false; factoryBeanName=libraryConfig; factoryMethodName=library; initMethodName=null; destroyMethodName=(inferred); defined in com.kodilla.spring.library.LibraryConfig]
2019-04-11 21:07:38.227  INFO 10352 --- [    Test worker] o.s.b.f.s.DefaultListableBeanFactory     : Overriding bean definition for bean 'libraryDbController' with a different definition: replacing [Generic bean: class [com.kodilla.spring.library.LibraryDbController]; scope=singleton; abstract=false; lazyInit=false; autowireMode=0; dependencyCheck=0; autowireCandidate=true; primary=false; factoryBeanName=null; factoryMethodName=null; initMethodName=null; destroyMethodName=null; defined in file [C:\Users\Kasia\IdeaProjects\kodilla-course\kodilla-spring\build\classes\java\main\com\kodilla\spring\library\LibraryDbController.class]] with [Root bean: class [null]; scope=; abstract=false; lazyInit=false; autowireMode=3; dependencyCheck=0; autowireCandidate=true; primary=false; factoryBeanName=libraryConfig; factoryMethodName=libraryDbController; initMethodName=null; destroyMethodName=(inferred); defined in com.kodilla.spring.library.LibraryConfig]
2019-04-11 21:07:38.306  INFO 10352 --- [    Test worker] o.s.j.e.a.AnnotationMBeanExporter        : Registering beans for JMX exposure on startup
]]></system-out>
  <system-err><![CDATA[]]></system-err>
</testsuite>
