<?xml version="1.0" encoding="UTF-8"?>
<testsuite name="com.kodilla.spring.reader.ReaderTestSuite" tests="2" skipped="0" failures="0" errors="0" timestamp="2019-04-11T19:07:37" hostname="LAPTOP-OSI1RABP" time="0.059">
  <properties/>
  <testcase name="testRead" classname="com.kodilla.spring.reader.ReaderTestSuite" time="0.033"/>
  <testcase name="testConditional" classname="com.kodilla.spring.reader.ReaderTestSuite" time="0.026"/>
  <system-out><![CDATA[2019-04-11 21:07:37.631  INFO 10352 --- [    Test worker] s.c.a.AnnotationConfigApplicationContext : Refreshing org.springframework.context.annotation.AnnotationConfigApplicationContext@6a2f424c: startup date [Thu Apr 11 21:07:37 CEST 2019]; root of context hierarchy
Reading: The book number one
2019-04-11 21:07:37.664  INFO 10352 --- [    Test worker] s.c.a.AnnotationConfigApplicationContext : Refreshing org.springframework.context.annotation.AnnotationConfigApplicationContext@2e3f8ac4: startup date [Thu Apr 11 21:07:37 CEST 2019]; root of context hierarchy
Bean book2 was found in the container: true
]]></system-out>
  <system-err><![CDATA[]]></system-err>
</testsuite>
