<?xml version="1.0" encoding="UTF-8"?>
<testsuite name="com.kodilla.testing.weather.mock.WeatherForecastTestSuite" tests="1" skipped="0" failures="0" errors="0" timestamp="2019-01-07T19:18:25" hostname="LAPTOP-OSI1RABP" time="0.019">
  <properties/>
  <testcase name="testcalculateForaecastWithMock" classname="com.kodilla.testing.weather.mock.WeatherForecastTestSuite" time="0.019"/>
  <system-out><![CDATA[]]></system-out>
  <system-err><![CDATA[]]></system-err>
</testsuite>
