<?xml version="1.0" encoding="UTF-8"?>
<testsuite name="com.kodilla.testing.weather.mock.WeatherForecastTestSuite" tests="1" skipped="0" failures="0" errors="0" timestamp="2018-12-27T14:23:29" hostname="LAPTOP-OSI1RABP" time="0.016">
  <properties/>
  <testcase name="testcalculateForaecastWithMock" classname="com.kodilla.testing.weather.mock.WeatherForecastTestSuite" time="0.016"/>
  <system-out><![CDATA[]]></system-out>
  <system-err><![CDATA[]]></system-err>
</testsuite>
