<?xml version="1.0" encoding="UTF-8"?>
<testsuite name="com.kodilla.testing.forum.tdd.ForumTestSuite" tests="1" skipped="0" failures="0" errors="0" timestamp="2018-12-12T12:26:18" hostname="LAPTOP-OSI1RABP" time="0.0">
  <properties/>
  <testcase name="testAddPost" classname="com.kodilla.testing.forum.tdd.ForumTestSuite" time="0.0"/>
  <system-out><![CDATA[This is beginning of tests. 
Preparing to execute test #1
All tests re finished
]]></system-out>
  <system-err><![CDATA[]]></system-err>
</testsuite>
