<?xml version="1.0" encoding="UTF-8"?>
<testsuite name="com.kodilla.testing.forum.ForumTestSuite" tests="8" skipped="0" failures="0" errors="0" timestamp="2018-12-12T12:26:18" hostname="LAPTOP-OSI1RABP" time="0.024">
  <properties/>
  <testcase name="testRemovePostNotExisting" classname="com.kodilla.testing.forum.ForumTestSuite" time="0.013"/>
  <testcase name="testAddPost" classname="com.kodilla.testing.forum.ForumTestSuite" time="0.0"/>
  <testcase name="testGetPost" classname="com.kodilla.testing.forum.ForumTestSuite" time="0.0"/>
  <testcase name="testRemoveCommentNotExisting" classname="com.kodilla.testing.forum.ForumTestSuite" time="0.006"/>
  <testcase name="testRemoveComment" classname="com.kodilla.testing.forum.ForumTestSuite" time="0.0"/>
  <testcase name="testRemovePost" classname="com.kodilla.testing.forum.ForumTestSuite" time="0.001"/>
  <testcase name="testGetComment" classname="com.kodilla.testing.forum.ForumTestSuite" time="0.0"/>
  <testcase name="testAddComment" classname="com.kodilla.testing.forum.ForumTestSuite" time="0.001"/>
  <system-out><![CDATA[This is begining of tests.
Preparing to execute test #1
Preparing to execute test #2
Preparing to execute test #3
Preparing to execute test #4
Preparing to execute test #5
Preparing to execute test #6
Preparing to execute test #7
Preparing to execute test #8
All tests are finished.
]]></system-out>
  <system-err><![CDATA[]]></system-err>
</testsuite>
