<?xml version="1.0" encoding="UTF-8"?>
<testsuite name="com.kodilla.testing.shape.ShapeCollectorSuite" tests="3" skipped="0" failures="0" errors="0" timestamp="2018-12-27T14:23:29" hostname="LAPTOP-OSI1RABP" time="0.012">
  <properties/>
  <testcase name="testRemoveFigure" classname="com.kodilla.testing.shape.ShapeCollectorSuite" time="0.011"/>
  <testcase name="testAddFigure" classname="com.kodilla.testing.shape.ShapeCollectorSuite" time="0.0"/>
  <testcase name="testGetFigure" classname="com.kodilla.testing.shape.ShapeCollectorSuite" time="0.001"/>
  <system-out><![CDATA[This is begining of tests.
Preparing to execute test #1
Preparing to execute test #2
Preparing to execute test #3
All tests are finished.
]]></system-out>
  <system-err><![CDATA[]]></system-err>
</testsuite>
