<?xml version="1.0" encoding="UTF-8"?>
<testsuite name="com.kodilla.testing.forum.statistics.StatisticsTestSuite" tests="6" skipped="0" failures="0" errors="0" timestamp="2019-04-11T19:10:10" hostname="LAPTOP-OSI1RABP" time="0.014">
  <properties/>
  <testcase name="testCalculateStatisticsCommentsGreaterThanPosts" classname="com.kodilla.testing.forum.statistics.StatisticsTestSuite" time="0.009"/>
  <testcase name="testCalculateStatisticsLessComments" classname="com.kodilla.testing.forum.statistics.StatisticsTestSuite" time="0.001"/>
  <testcase name="testCalculateStatisticsWithZeroPosts" classname="com.kodilla.testing.forum.statistics.StatisticsTestSuite" time="0.001"/>
  <testcase name="testCalculateStatisticsWithZeroUsers" classname="com.kodilla.testing.forum.statistics.StatisticsTestSuite" time="0.001"/>
  <testcase name="testCalculateStatisticsWithManyPosts" classname="com.kodilla.testing.forum.statistics.StatisticsTestSuite" time="0.001"/>
  <testcase name="testCalculateStatisticsWithManyUsers" classname="com.kodilla.testing.forum.statistics.StatisticsTestSuite" time="0.001"/>
  <system-out><![CDATA[]]></system-out>
  <system-err><![CDATA[]]></system-err>
</testsuite>
