<?xml version="1.0" encoding="UTF-8"?>
<testsuite name="com.kodilla.patterns.builder.checkers.CheckerTestSuite" tests="1" skipped="0" failures="0" errors="0" timestamp="2019-01-07T19:18:14" hostname="LAPTOP-OSI1RABP" time="0.047">
  <properties/>
  <testcase name="testCheckersBuilder" classname="com.kodilla.patterns.builder.checkers.CheckerTestSuite" time="0.047"/>
  <system-out><![CDATA[|  |  |wQ|wP|  |  |  |  |  |  |
|  |  |  |  |  |  |  |  |  |  |
|  |  |  |  |  |  |  |  |  |  |
|  |  |  |  |  |  |  |  |  |  |
|  |  |  |  |  |  |  |  |  |  |
|  |  |  |  |  |  |  |  |  |  |
|  |  |  |  |  |  |  |  |  |  |
|  |  |  |  |  |  |  |  |  |  |
|  |  |  |  |  |  |  |  |  |  |
|  |  |  |  |  |  |  |bP|  |  |

]]></system-out>
  <system-err><![CDATA[]]></system-err>
</testsuite>
