<?xml version="1.0" encoding="UTF-8"?>
<testsuite name="com.kodilla.patterns.strategy.social.UserTestSuite" tests="2" skipped="0" failures="0" errors="0" timestamp="2019-01-07T19:18:14" hostname="LAPTOP-OSI1RABP" time="0.044">
  <properties/>
  <testcase name="testDefalutSharingStrategies" classname="com.kodilla.patterns.strategy.social.UserTestSuite" time="0.043"/>
  <testcase name="testIndividualSharingStrategy" classname="com.kodilla.patterns.strategy.social.UserTestSuite" time="0.001"/>
  <system-out><![CDATA[Ewa published new post on Facebook
Marek published new tweet on Twitter
Paulina published new snap on Snapchat
Ewa published new post on Facebook
Ewa tried something new and published new snap on Snapchat
]]></system-out>
  <system-err><![CDATA[]]></system-err>
</testsuite>
