<?xml version="1.0" encoding="UTF-8"?>
<testsuite name="com.kodilla.patterns.builder.bigmac.BigmacTestSuite" tests="1" skipped="0" failures="0" errors="0" timestamp="2019-01-07T19:18:14" hostname="LAPTOP-OSI1RABP" time="0.019">
  <properties/>
  <testcase name="testBigmac" classname="com.kodilla.patterns.builder.bigmac.BigmacTestSuite" time="0.019"/>
  <system-out><![CDATA[Bigmac{bun='Sesame', burgers='2', sauce=[Spicy], ingredients=[Onion, Bacon, Mushrooms]}
]]></system-out>
  <system-err><![CDATA[]]></system-err>
</testsuite>
