<?xml version="1.0" encoding="UTF-8"?>
<testsuite name="DrawerTestSuite" tests="2" skipped="0" failures="0" errors="0" timestamp="2018-12-12T11:41:44" hostname="LAPTOP-OSI1RABP" time="0.025">
  <properties/>
  <testcase name="testDoDrawingWithTriangle" classname="DrawerTestSuite" time="0.018"/>
  <testcase name="testDoDrawingWithCircle" classname="DrawerTestSuite" time="0.006"/>
  <system-out><![CDATA[This is a triangle
This is a circle
]]></system-out>
  <system-err><![CDATA[]]></system-err>
</testsuite>
