<?xml version="1.0" encoding="UTF-8"?>
<testsuite name="DrawerTestSuite" tests="2" skipped="0" failures="0" errors="0" timestamp="2019-01-07T19:18:22" hostname="LAPTOP-OSI1RABP" time="0.015">
  <properties/>
  <testcase name="testDoDrawingWithTriangle" classname="DrawerTestSuite" time="0.01"/>
  <testcase name="testDoDrawingWithCircle" classname="DrawerTestSuite" time="0.005"/>
  <system-out><![CDATA[This is a triangle
This is a circle
]]></system-out>
  <system-err><![CDATA[]]></system-err>
</testsuite>
